Using pre-set license
Built from '2020.2/release' branch; Version is '2020.2.1f1 (270dd8c3da1c) revision 2559448'; Using compiler version '192528614'; Build Type 'Release'
OS: 'Windows 10  (10.0.0) 64bit' Language: 'es' Physical Memory: 16333 MB
BatchMode: 1, IsHumanControllingUs: 0, StartBugReporterOnCrash: 0, Is64bit: 1, IsPro: 0

 COMMAND LINE ARGUMENTS:
D:\Unity\2020.2.1f1\Editor\Unity.exe
-adb2
-batchMode
-noUpm
-name
AssetImportWorker0
-projectPath
D:/almacenamiento-de-mis-cosas/escuela/universidad/Semestre4/Unity/Sphere
-logFile
Logs/AssetImportWorker0.log
-srvPort
54191
Successfully changed project path to: D:/almacenamiento-de-mis-cosas/escuela/universidad/Semestre4/Unity/Sphere
D:/almacenamiento-de-mis-cosas/escuela/universidad/Semestre4/Unity/Sphere
Using Asset Import Pipeline V2.
Refreshing native plugins compatible for Editor in 34.99 ms, found 0 plugins.
Preloading 0 native plugins for Editor in 0.00 ms.
Initialize engine version: 2020.2.1f1 (270dd8c3da1c)
[Subsystems] Discovering subsystems at path D:/Unity/2020.2.1f1/Editor/Data/Resources/UnitySubsystems
[Subsystems] Discovering subsystems at path D:/almacenamiento-de-mis-cosas/escuela/universidad/Semestre4/Unity/Sphere/Assets
GfxDevice: creating device client; threaded=0
Direct3D:
    Version:  Direct3D 11.0 [level 11.1]
    Renderer: NVIDIA GeForce GTX 970M (ID=0x13d8)
    Vendor:   
    VRAM:     3029 MB
    Driver:   27.21.14.5671
Initialize mono
Mono path[0] = 'D:/Unity/2020.2.1f1/Editor/Data/Managed'
Mono path[1] = 'D:/Unity/2020.2.1f1/Editor/Data/MonoBleedingEdge/lib/mono/unityjit'
Mono config path = 'D:/Unity/2020.2.1f1/Editor/Data/MonoBleedingEdge/etc'
Using monoOptions --debugger-agent=transport=dt_socket,embedding=1,server=y,suspend=n,address=127.0.0.1:56024
Begin MonoManager ReloadAssembly
Registering precompiled unity dll's ...
Register platform support module: D:/Unity/2020.2.1f1/Editor/Data/PlaybackEngines/WindowsStandaloneSupport/UnityEditor.WindowsStandalone.Extensions.dll
Registered in 0.000904 seconds.
Native extension for WindowsStandalone target not found
Refreshing native plugins compatible for Editor in 25.73 ms, found 0 plugins.
Preloading 0 native plugins for Editor in 0.00 ms.
Invoked RoslynAnalysisRunner static constructor.
RoslynAnalysisRunner will not be running.
RoslynAnalysisRunner has terminated.
Mono: successfully reloaded assembly
- Completed reload, in  0.925 seconds
Platform modules already initialized, skipping
Registering precompiled user dll's ...
Registered in 0.000553 seconds.
Begin MonoManager ReloadAssembly
Native extension for WindowsStandalone target not found
Refreshing native plugins compatible for Editor in 0.26 ms, found 0 plugins.
Preloading 0 native plugins for Editor in 0.00 ms.
Invoked RoslynAnalysisRunner static constructor.
RoslynAnalysisRunner will not be running.
RoslynAnalysisRunner has terminated.
Mono: successfully reloaded assembly
- Completed reload, in  0.857 seconds
Platform modules already initialized, skipping
========================================================================
Worker process is ready to serve import requests
Launched and connected shader compiler UnityShaderCompiler.exe after 0.06 seconds
Refreshing native plugins compatible for Editor in 0.23 ms, found 0 plugins.
Preloading 0 native plugins for Editor in 0.00 ms.
Unloading 1099 Unused Serialized files (Serialized files now loaded: 0)
System memory in use before: 58.4 MB.
System memory in use after: 58.5 MB.

Unloading 10 unused Assets to reduce memory usage. Loaded Objects now: 1540.
Total: 2.186800 ms (FindLiveObjects: 0.183100 ms CreateObjectMapping: 0.055600 ms MarkObjects: 1.879700 ms  DeleteObjects: 0.067400 ms)

========================================================================
Received Import Request.
  path: Assets/Shaders/DiffuseNormalStrength.mat
  artifactKey: Guid(e520e49e712ce794f926753e1678bd53) Importer(815301076,1909f56bfc062723c751e8b465ee728b)
Start importing Assets/Shaders/DiffuseNormalStrength.mat using Guid(e520e49e712ce794f926753e1678bd53) Importer(815301076,1909f56bfc062723c751e8b465ee728b)  -> (artifact id: '8c25317ffa8efd5b0f2afab7be44acfd') in 1.277616 seconds
  Import took 1.280259 seconds .

========================================================================
Received Import Request.
  Time since last request: 0.000313 seconds.
  path: Assets/Shaders/SurfaceDiffuseMap.mat
  artifactKey: Guid(f40928461dbb868468005c58c94e9e12) Importer(815301076,1909f56bfc062723c751e8b465ee728b)
Start importing Assets/Shaders/SurfaceDiffuseMap.mat using Guid(f40928461dbb868468005c58c94e9e12) Importer(815301076,1909f56bfc062723c751e8b465ee728b)  -> (artifact id: '6d1972aa740ed5e8b6be2bc046713928') in 0.021432 seconds
  Import took 0.023455 seconds .

========================================================================
Received Import Request.
  Time since last request: 191.350776 seconds.
  path: Assets/Shaders/NewUnlitShader.shader
  artifactKey: Guid(abc0e4f55e166a74aaada7ee6e4d5880) Importer(815301076,1909f56bfc062723c751e8b465ee728b)
Start importing Assets/Shaders/NewUnlitShader.shader using Guid(abc0e4f55e166a74aaada7ee6e4d5880) Importer(815301076,1909f56bfc062723c751e8b465ee728b)  -> (artifact id: '2d6308f49e06705e2171eed39f17f42b') in 0.036707 seconds
  Import took 0.039441 seconds .

========================================================================
Received Import Request.
  Time since last request: 0.020998 seconds.
  path: Assets/Shaders/NewUnlitShader.shader
  artifactKey: Guid(abc0e4f55e166a74aaada7ee6e4d5880) Importer(815301076,1909f56bfc062723c751e8b465ee728b)
Start importing Assets/Shaders/NewUnlitShader.shader using Guid(abc0e4f55e166a74aaada7ee6e4d5880) Importer(815301076,1909f56bfc062723c751e8b465ee728b)  -> (artifact id: '2d6308f49e06705e2171eed39f17f42b') in 0.002576 seconds
  Import took 0.005401 seconds .

========================================================================
Received Import Request.
  Time since last request: 7.852640 seconds.
  path: Assets/Shaders/SurfaceDiffuseNormalStrenght.shader
  artifactKey: Guid(35e5292859d9c764dbfcc762a9d61809) Importer(815301076,1909f56bfc062723c751e8b465ee728b)
Start importing Assets/Shaders/SurfaceDiffuseNormalStrenght.shader using Guid(35e5292859d9c764dbfcc762a9d61809) Importer(815301076,1909f56bfc062723c751e8b465ee728b)  -> (artifact id: '6dd79ccda1959af4986ce755ff894d77') in 0.007330 seconds
  Import took 0.009777 seconds .

========================================================================
Received Import Request.
  Time since last request: 0.000269 seconds.
  path: Assets/Shaders/SurfaceDiffuseNormalStrenght.shader
  artifactKey: Guid(35e5292859d9c764dbfcc762a9d61809) Importer(815301076,1909f56bfc062723c751e8b465ee728b)
Start importing Assets/Shaders/SurfaceDiffuseNormalStrenght.shader using Guid(35e5292859d9c764dbfcc762a9d61809) Importer(815301076,1909f56bfc062723c751e8b465ee728b)  -> (artifact id: '6dd79ccda1959af4986ce755ff894d77') in 0.002357 seconds
  Import took 0.004880 seconds .

========================================================================
Received Import Request.
  Time since last request: 1.295872 seconds.
  path: Assets/Shaders/SurfaceDiffuseNormalMap.shader
  artifactKey: Guid(488acb7dcb0f8c8408f32b48b9c54e20) Importer(815301076,1909f56bfc062723c751e8b465ee728b)
Start importing Assets/Shaders/SurfaceDiffuseNormalMap.shader using Guid(488acb7dcb0f8c8408f32b48b9c54e20) Importer(815301076,1909f56bfc062723c751e8b465ee728b)  -> (artifact id: 'a072e8a0ad4f862570b30ebe09e51dcd') in 0.007692 seconds
  Import took 0.010498 seconds .

========================================================================
Received Import Request.
  Time since last request: 0.001273 seconds.
  path: Assets/Shaders/SurfaceDiffuseNormalMap.shader
  artifactKey: Guid(488acb7dcb0f8c8408f32b48b9c54e20) Importer(815301076,1909f56bfc062723c751e8b465ee728b)
Start importing Assets/Shaders/SurfaceDiffuseNormalMap.shader using Guid(488acb7dcb0f8c8408f32b48b9c54e20) Importer(815301076,1909f56bfc062723c751e8b465ee728b)  -> (artifact id: 'a072e8a0ad4f862570b30ebe09e51dcd') in 0.003143 seconds
  Import took 0.006441 seconds .

========================================================================
Received Import Request.
  Time since last request: 17.473168 seconds.
  path: Assets/Shaders/Combine.shader
  artifactKey: Guid(51047cb83c99daa418d5a658d012651e) Importer(815301076,1909f56bfc062723c751e8b465ee728b)
Start importing Assets/Shaders/Combine.shader using Guid(51047cb83c99daa418d5a658d012651e) Importer(815301076,1909f56bfc062723c751e8b465ee728b)  -> (artifact id: '60f6fa4befa7600adfb34d7a87bcfffb') in 0.007629 seconds
  Import took 0.010331 seconds .

========================================================================
Received Import Request.
  Time since last request: 0.002825 seconds.
  path: Assets/Shaders/Combine.shader
  artifactKey: Guid(51047cb83c99daa418d5a658d012651e) Importer(815301076,1909f56bfc062723c751e8b465ee728b)
Start importing Assets/Shaders/Combine.shader using Guid(51047cb83c99daa418d5a658d012651e) Importer(815301076,1909f56bfc062723c751e8b465ee728b)  -> (artifact id: '60f6fa4befa7600adfb34d7a87bcfffb') in 0.002869 seconds
  Import took 0.005932 seconds .

========================================================================
Received Import Request.
  Time since last request: 86.876703 seconds.
  path: Assets/Shaders/SurfaceModelodeLuz.shader
  artifactKey: Guid(abc0e4f55e166a74aaada7ee6e4d5880) Importer(815301076,1909f56bfc062723c751e8b465ee728b)
Start importing Assets/Shaders/SurfaceModelodeLuz.shader using Guid(abc0e4f55e166a74aaada7ee6e4d5880) Importer(815301076,1909f56bfc062723c751e8b465ee728b)  -> (artifact id: '6e7e5839771ba306eb91dad5a8e57584') in 0.007832 seconds
  Import took 0.010675 seconds .

========================================================================
Received Import Request.
  Time since last request: 456.907675 seconds.
  path: Assets/Shaders/SurfaceModelodeLuz.shader
  artifactKey: Guid(abc0e4f55e166a74aaada7ee6e4d5880) Importer(815301076,1909f56bfc062723c751e8b465ee728b)
Start importing Assets/Shaders/SurfaceModelodeLuz.shader using Guid(abc0e4f55e166a74aaada7ee6e4d5880) Importer(815301076,1909f56bfc062723c751e8b465ee728b)  -> (artifact id: '36181e4bc8236d516ba14e0c99945e1e') in 0.003573 seconds
  Import took 0.006619 seconds .

========================================================================
Received Import Request.
  Time since last request: 74.400852 seconds.
  path: Assets/Shaders/SurfaceModelodeLuz.shader
  artifactKey: Guid(abc0e4f55e166a74aaada7ee6e4d5880) Importer(815301076,1909f56bfc062723c751e8b465ee728b)
Start importing Assets/Shaders/SurfaceModelodeLuz.shader using Guid(abc0e4f55e166a74aaada7ee6e4d5880) Importer(815301076,1909f56bfc062723c751e8b465ee728b)  -> (artifact id: '3817be6e3583a541d143c12e8a72ebf3') in 0.003310 seconds
  Import took 0.006142 seconds .

========================================================================
Received Import Request.
  Time since last request: 85.694088 seconds.
  path: Assets/Shaders/SurfaceModelodeLuz.shader
  artifactKey: Guid(abc0e4f55e166a74aaada7ee6e4d5880) Importer(815301076,1909f56bfc062723c751e8b465ee728b)
Start importing Assets/Shaders/SurfaceModelodeLuz.shader using Guid(abc0e4f55e166a74aaada7ee6e4d5880) Importer(815301076,1909f56bfc062723c751e8b465ee728b)  -> (artifact id: 'a13adcefb231858f7dee956653d6238d') in 0.004342 seconds
  Import took 0.007370 seconds .

========================================================================
Received Import Request.
  Time since last request: 18.268126 seconds.
  path: Assets/Shaders/SurfaceShaderModelodeLuz.mat
  artifactKey: Guid(fb046155165435f44a529bb2984e13b0) Importer(815301076,1909f56bfc062723c751e8b465ee728b)
Start importing Assets/Shaders/SurfaceShaderModelodeLuz.mat using Guid(fb046155165435f44a529bb2984e13b0) Importer(815301076,1909f56bfc062723c751e8b465ee728b)  -> (artifact id: '4918fe7c024268c6e14e4d8d387aa1d2') in 0.021269 seconds
  Import took 0.023731 seconds .

